ISim log file
Running: C:\Users\donohoc1\Documents\201810\CSSE232\2D-donohoc1-jenninbt-wangy16-xiek-yangh4\Implementation\DatapathProject\Datapath_Datapath_sch_tb_isim_beh.exe -intstyle ise -gui -tclbatch isim.cmd -wdb C:/Users/donohoc1/Documents/201810/CSSE232/2D-donohoc1-jenninbt-wangy16-xiek-yangh4/Implementation/DatapathProject/Datapath_Datapath_sch_tb_isim_beh.wdb 
ISim P.20131013 (signature 0x7708f090)
----------------------------------------------------------------------
INFO:Security:50 - The XILINXD_LICENSE_FILE environment variable is set to '2100@ise.csse.rose-hulman.edu'.
INFO:Security:53 - The LM_LICENSE_FILE environment variable is not set.
WARNING:Security:43 - No license file was found in the standard Xilinx license directory.
WARNING:Security:44 - Since no license file was found,
       please run the Xilinx License Configuration Manager
       (xlcm or "Manage Xilinx Licenses")
       to assist in obtaining a license.
WARNING:Security:42 - Your software subscription period has lapsed. Your current version of Xilinx tools will continue to function, but you no longer qualify for Xilinx software updates or new releases.


----------------------------------------------------------------------
This is a Full version of ISim.
Time resolution is 1 ps
# onerror resume
# wave add /
# run 1000 ns
Simulator is doing circuit initialization process.
 Block Memory Generator CORE Generator module loading initial data...
 Block Memory Generator data initialization complete.
Block Memory Generator CORE Generator module Datapath_Datapath_sch_tb.UUT.XLXI_109.inst.\native_mem_module.blk_mem_gen_v7_3_inst  is using a behavioral model for simulation which will not precisely model memory collision behavior.
Finished circuit initialization process.
The current state is 18
In ResetFetch, the next_state is  1
After the tests, the next_state is  1
The current state is 18
In ResetFetch, the next_state is  1
After the tests, the next_state is  1
The current state is 18
In ResetFetch, the next_state is  1
After the tests, the next_state is  1
The current state is  1
The opcode is 10
The next state is Lui1
In Decode, the next_state is 11
After the tests, the next_state is 11
The current state is 11
In Lui1, the next_state is  0
After the tests, the next_state is  0
The current state is  0
In Fetch, the next_state is  1
After the tests, the next_state is  1
The current state is  1
The opcode is 10
The next state is Lui1
In Decode, the next_state is 11
After the tests, the next_state is 11
The current state is  1
The opcode is 13
The next state is Ori1
In Decode, the next_state is  2
After the tests, the next_state is  2
The current state is  2
In Ori1, the next_state is 14
After the tests, the next_state is 14
The current state is 14
In OriArithmetic2, the next_state is  0
After the tests, the next_state is  0
The current state is  0
In Fetch, the next_state is  1
After the tests, the next_state is  1
The current state is  1
The opcode is 13
The next state is Ori1
In Decode, the next_state is  2
After the tests, the next_state is  2
The current state is  1
The opcode is 15
The next state is Sacc1
In Decode, the next_state is  4
After the tests, the next_state is  4
The current state is  4
In Sacc1, the next_state is  0
After the tests, the next_state is  0
The current state is  0
In Fetch, the next_state is  1
After the tests, the next_state is  1
The current state is  1
The opcode is 15
The next state is Sacc1
In Decode, the next_state is  4
After the tests, the next_state is  4
The current state is  1
The opcode is 14
The next state is Lacc1
In Decode, the next_state is  5
After the tests, the next_state is  5
The current state is  5
In Lacc1, the next_state is  0
After the tests, the next_state is  0
The current state is  0
In Fetch, the next_state is  1
After the tests, the next_state is  1
The current state is  1
The opcode is 14
The next state is Lacc1
In Decode, the next_state is  5
After the tests, the next_state is  5
The current state is  1
The opcode is 15
The next state is Sacc1
In Decode, the next_state is  4
After the tests, the next_state is  4
The current state is  4
In Sacc1, the next_state is  0
After the tests, the next_state is  0
The current state is  0
In Fetch, the next_state is  1
After the tests, the next_state is  1
The current state is  1
The opcode is 15
The next state is Sacc1
In Decode, the next_state is  4
After the tests, the next_state is  4
The current state is  1
The opcode is 10
The next state is Lui1
In Decode, the next_state is 11
After the tests, the next_state is 11
The current state is 11
In Lui1, the next_state is  0
After the tests, the next_state is  0
The current state is  0
In Fetch, the next_state is  1
After the tests, the next_state is  1
The current state is  1
The opcode is 10
The next state is Lui1
In Decode, the next_state is 11
After the tests, the next_state is 11
The current state is  1
The opcode is 13
The next state is Ori1
In Decode, the next_state is  2
After the tests, the next_state is  2
The current state is  2
In Ori1, the next_state is 14
After the tests, the next_state is 14
The current state is 14
In OriArithmetic2, the next_state is  0
After the tests, the next_state is  0
The current state is  0
In Fetch, the next_state is  1
After the tests, the next_state is  1
The current state is  1
The opcode is 13
The next state is Ori1
In Decode, the next_state is  2
After the tests, the next_state is  2
The current state is  1
The opcode is 15
The next state is Sacc1
In Decode, the next_state is  4
After the tests, the next_state is  4
The current state is  4
In Sacc1, the next_state is  0
After the tests, the next_state is  0
# run 1.00us
The current state is  0
In Fetch, the next_state is  1
After the tests, the next_state is  1
The current state is  1
The opcode is 15
The next state is Sacc1
In Decode, the next_state is  4
After the tests, the next_state is  4
The current state is  1
The opcode is 14
The next state is Lacc1
In Decode, the next_state is  5
After the tests, the next_state is  5
The current state is  5
In Lacc1, the next_state is  0
After the tests, the next_state is  0
The current state is  0
In Fetch, the next_state is  1
After the tests, the next_state is  1
The current state is  1
The opcode is 14
The next state is Lacc1
In Decode, the next_state is  5
After the tests, the next_state is  5
The current state is  1
The opcode is 15
The next state is Sacc1
In Decode, the next_state is  4
After the tests, the next_state is  4
The current state is  4
In Sacc1, the next_state is  0
After the tests, the next_state is  0
The current state is  0
In Fetch, the next_state is  1
After the tests, the next_state is  1
The current state is  1
The opcode is 15
The next state is Sacc1
In Decode, the next_state is  4
After the tests, the next_state is  4
The current state is  1
The opcode is 10
The next state is Lui1
In Decode, the next_state is 11
After the tests, the next_state is 11
The current state is 11
In Lui1, the next_state is  0
After the tests, the next_state is  0
The current state is  0
In Fetch, the next_state is  1
After the tests, the next_state is  1
The current state is  1
The opcode is 10
The next state is Lui1
In Decode, the next_state is 11
After the tests, the next_state is 11
The current state is  1
The opcode is 13
The next state is Ori1
In Decode, the next_state is  2
After the tests, the next_state is  2
The current state is  2
In Ori1, the next_state is 14
After the tests, the next_state is 14
The current state is 14
In OriArithmetic2, the next_state is  0
After the tests, the next_state is  0
The current state is  0
In Fetch, the next_state is  1
After the tests, the next_state is  1
The current state is  1
The opcode is 13
The next state is Ori1
In Decode, the next_state is  2
After the tests, the next_state is  2
The current state is  1
The opcode is 15
The next state is Sacc1
In Decode, the next_state is  4
After the tests, the next_state is  4
The current state is  4
In Sacc1, the next_state is  0
After the tests, the next_state is  0
The current state is  0
In Fetch, the next_state is  1
After the tests, the next_state is  1
The current state is  1
The opcode is 15
The next state is Sacc1
In Decode, the next_state is  4
After the tests, the next_state is  4
The current state is  1
The opcode is 14
The next state is Lacc1
In Decode, the next_state is  5
After the tests, the next_state is  5
The current state is  5
In Lacc1, the next_state is  0
After the tests, the next_state is  0
The current state is  0
In Fetch, the next_state is  1
After the tests, the next_state is  1
The current state is  1
The opcode is 14
The next state is Lacc1
In Decode, the next_state is  5
After the tests, the next_state is  5
The current state is  1
The opcode is 15
The next state is Sacc1
In Decode, the next_state is  4
After the tests, the next_state is  4
The current state is  4
In Sacc1, the next_state is  0
After the tests, the next_state is  0
The current state is  0
In Fetch, the next_state is  1
After the tests, the next_state is  1
The current state is  1
The opcode is 15
The next state is Sacc1
In Decode, the next_state is  4
After the tests, the next_state is  4
The current state is  1
The opcode is 10
The next state is Lui1
In Decode, the next_state is 11
After the tests, the next_state is 11
The current state is 11
In Lui1, the next_state is  0
After the tests, the next_state is  0
The current state is  0
In Fetch, the next_state is  1
After the tests, the next_state is  1
The current state is  1
The opcode is 10
The next state is Lui1
In Decode, the next_state is 11
After the tests, the next_state is 11
The current state is  1
The opcode is 13
The next state is Ori1
In Decode, the next_state is  2
After the tests, the next_state is  2
The current state is  2
In Ori1, the next_state is 14
After the tests, the next_state is 14
The current state is 14
In OriArithmetic2, the next_state is  0
After the tests, the next_state is  0
The current state is  0
In Fetch, the next_state is  1
After the tests, the next_state is  1
The current state is  1
The opcode is 13
The next state is Ori1
In Decode, the next_state is  2
After the tests, the next_state is  2
The current state is  1
The opcode is  0
The next state is arithmetic1
In Decode, the next_state is  3
After the tests, the next_state is  3
The current state is  3
In Arithmetic1, the next_state is 14
After the tests, the next_state is 14
The current state is 14
In OriArithmetic2, the next_state is  0
After the tests, the next_state is  0
The current state is  0
In Fetch, the next_state is  1
After the tests, the next_state is  1
The current state is  1
The opcode is  0
The next state is arithmetic1
In Decode, the next_state is  3
After the tests, the next_state is  3
The current state is  1
The opcode is 15
The next state is Sacc1
In Decode, the next_state is  4
After the tests, the next_state is  4
# run 1.00us
The current state is  4
In Sacc1, the next_state is  0
After the tests, the next_state is  0
The current state is  0
In Fetch, the next_state is  1
After the tests, the next_state is  1
The current state is  1
The opcode is 15
The next state is Sacc1
In Decode, the next_state is  4
After the tests, the next_state is  4
The current state is  1
The opcode is 14
The next state is Lacc1
In Decode, the next_state is  5
After the tests, the next_state is  5
The current state is  5
In Lacc1, the next_state is  0
After the tests, the next_state is  0
The current state is  0
In Fetch, the next_state is  1
After the tests, the next_state is  1
The current state is  1
The opcode is 14
The next state is Lacc1
In Decode, the next_state is  5
After the tests, the next_state is  5
The current state is  5
In Lacc1, the next_state is  0
After the tests, the next_state is  0
The current state is  0
In Fetch, the next_state is  1
After the tests, the next_state is  1
The current state is  1
The opcode is 14
The next state is Lacc1
In Decode, the next_state is  5
After the tests, the next_state is  5
The current state is  1
The opcode is  3
The next state is Smem1
In Decode, the next_state is  7
After the tests, the next_state is  7
The current state is  7
In Smem2, the next_state is 16
After the tests, the next_state is 16
The current state is 16
In Smem2, the next_state is 19
After the tests, the next_state is 19
The current state is 19
In Smem3, the next_state is  0
After the tests, the next_state is  0
The current state is  0
In Fetch, the next_state is  1
After the tests, the next_state is  1
The current state is  1
The opcode is  3
The next state is Smem1
In Decode, the next_state is  7
After the tests, the next_state is  7
The current state is  1
The opcode is  x
Invalid opcode  x
In Decode, the next_state is  0
After the tests, the next_state is  0
The current state is  0
In Fetch, the next_state is  1
After the tests, the next_state is  1
The current state is  1
The opcode is  x
Invalid opcode  x
In Decode, the next_state is  0
After the tests, the next_state is  0
The current state is  1
The opcode is  3
The next state is Smem1
In Decode, the next_state is  7
After the tests, the next_state is  7
The current state is  7
In Smem2, the next_state is 16
After the tests, the next_state is 16
The current state is 16
In Smem2, the next_state is 19
After the tests, the next_state is 19
The current state is 19
In Smem3, the next_state is  0
After the tests, the next_state is  0
The current state is  0
In Fetch, the next_state is  1
After the tests, the next_state is  1
The current state is  1
The opcode is  3
The next state is Smem1
In Decode, the next_state is  7
After the tests, the next_state is  7
The current state is  1
The opcode is  x
Invalid opcode  x
In Decode, the next_state is  0
After the tests, the next_state is  0
The current state is  0
In Fetch, the next_state is  1
After the tests, the next_state is  1
The current state is  1
The opcode is  x
Invalid opcode  x
In Decode, the next_state is  0
After the tests, the next_state is  0
The current state is  1
The opcode is  3
The next state is Smem1
In Decode, the next_state is  7
After the tests, the next_state is  7
The current state is  7
In Smem2, the next_state is 16
After the tests, the next_state is 16
The current state is 16
In Smem2, the next_state is 19
After the tests, the next_state is 19
The current state is 19
In Smem3, the next_state is  0
After the tests, the next_state is  0
The current state is  0
In Fetch, the next_state is  1
After the tests, the next_state is  1
The current state is  1
The opcode is  3
The next state is Smem1
In Decode, the next_state is  7
After the tests, the next_state is  7
The current state is  1
The opcode is  x
Invalid opcode  x
In Decode, the next_state is  0
After the tests, the next_state is  0
The current state is  0
In Fetch, the next_state is  1
After the tests, the next_state is  1
The current state is  1
The opcode is  x
Invalid opcode  x
In Decode, the next_state is  0
After the tests, the next_state is  0
The current state is  1
The opcode is 10
The next state is Lui1
In Decode, the next_state is 11
After the tests, the next_state is 11
The current state is 11
In Lui1, the next_state is  0
After the tests, the next_state is  0
The current state is  0
In Fetch, the next_state is  1
After the tests, the next_state is  1
The current state is  1
The opcode is 10
The next state is Lui1
In Decode, the next_state is 11
After the tests, the next_state is 11
The current state is  1
The opcode is 13
The next state is Ori1
In Decode, the next_state is  2
After the tests, the next_state is  2
The current state is  2
In Ori1, the next_state is 14
After the tests, the next_state is 14
The current state is 14
In OriArithmetic2, the next_state is  0
After the tests, the next_state is  0
The current state is  0
In Fetch, the next_state is  1
After the tests, the next_state is  1
# run 1.00us
The current state is  1
The opcode is 13
The next state is Ori1
In Decode, the next_state is  2
After the tests, the next_state is  2
The current state is  1
The opcode is 15
The next state is Sacc1
In Decode, the next_state is  4
After the tests, the next_state is  4
The current state is  4
In Sacc1, the next_state is  0
After the tests, the next_state is  0
The current state is  0
In Fetch, the next_state is  1
After the tests, the next_state is  1
The current state is  1
The opcode is 15
The next state is Sacc1
In Decode, the next_state is  4
After the tests, the next_state is  4
The current state is  1
The opcode is 14
The next state is Lacc1
In Decode, the next_state is  5
After the tests, the next_state is  5
The current state is  5
In Lacc1, the next_state is  0
After the tests, the next_state is  0
The current state is  0
In Fetch, the next_state is  1
After the tests, the next_state is  1
The current state is  1
The opcode is 14
The next state is Lacc1
In Decode, the next_state is  5
After the tests, the next_state is  5
The current state is  1
The opcode is 12
The next state is Jal1
In Decode, the next_state is 13
After the tests, the next_state is 13
The current state is 13
In Jal1, the next_state is  0
After the tests, the next_state is  0
The current state is  0
In Fetch, the next_state is  1
After the tests, the next_state is  1
The current state is  1
The opcode is 12
The next state is Jal1
In Decode, the next_state is 13
After the tests, the next_state is 13
The current state is  1
The opcode is  2
The next state is Lmem1
In Decode, the next_state is  6
After the tests, the next_state is  6
The current state is  6
In Lmem1, the next_state is 15
After the tests, the next_state is 15
The current state is 15
In Lmem2, the next_state is 17
After the tests, the next_state is 17
The current state is 17
In Lmem3, the next_state is  0
After the tests, the next_state is  0
The current state is  0
In Fetch, the next_state is  1
After the tests, the next_state is  1
The current state is  1
The opcode is  2
The next state is Lmem1
In Decode, the next_state is  6
After the tests, the next_state is  6
The current state is  1
The opcode is  x
Invalid opcode  x
In Decode, the next_state is  0
After the tests, the next_state is  0
The current state is  0
In Fetch, the next_state is  1
After the tests, the next_state is  1
The current state is  1
The opcode is  x
Invalid opcode  x
In Decode, the next_state is  0
After the tests, the next_state is  0
The current state is  1
The opcode is  0
The next state is arithmetic1
In Decode, the next_state is  3
After the tests, the next_state is  3
The current state is  3
In Arithmetic1, the next_state is 14
After the tests, the next_state is 14
The current state is 14
In OriArithmetic2, the next_state is  0
After the tests, the next_state is  0
The current state is  0
In Fetch, the next_state is  1
After the tests, the next_state is  1
The current state is  1
The opcode is  0
The next state is arithmetic1
In Decode, the next_state is  3
After the tests, the next_state is  3
The current state is  1
The opcode is 15
The next state is Sacc1
In Decode, the next_state is  4
After the tests, the next_state is  4
The current state is  4
In Sacc1, the next_state is  0
After the tests, the next_state is  0
The current state is  0
In Fetch, the next_state is  1
After the tests, the next_state is  1
The current state is  1
The opcode is 15
The next state is Sacc1
In Decode, the next_state is  4
After the tests, the next_state is  4
The current state is  1
The opcode is 11
The next state is Jr1
In Decode, the next_state is 12
After the tests, the next_state is 12
The current state is 12
In Jr1, the next_state is  0
After the tests, the next_state is  0
The current state is  0
In Fetch, the next_state is  1
After the tests, the next_state is  1
The current state is  1
The opcode is 11
The next state is Jr1
In Decode, the next_state is 12
After the tests, the next_state is 12
The current state is 12
In Jr1, the next_state is  0
After the tests, the next_state is  0
The current state is  0
In Fetch, the next_state is  1
After the tests, the next_state is  1
The current state is  1
The opcode is 11
The next state is Jr1
In Decode, the next_state is 12
After the tests, the next_state is 12
The current state is  1
The opcode is 15
The next state is Sacc1
In Decode, the next_state is  4
After the tests, the next_state is  4
The current state is  4
In Sacc1, the next_state is  0
After the tests, the next_state is  0
The current state is  0
In Fetch, the next_state is  1
After the tests, the next_state is  1
The current state is  1
The opcode is 15
The next state is Sacc1
In Decode, the next_state is  4
After the tests, the next_state is  4
The current state is  4
In Sacc1, the next_state is  0
After the tests, the next_state is  0
The current state is  0
In Fetch, the next_state is  1
After the tests, the next_state is  1
The current state is  1
The opcode is 15
The next state is Sacc1
In Decode, the next_state is  4
After the tests, the next_state is  4
The current state is  1
The opcode is  2
The next state is Lmem1
In Decode, the next_state is  6
After the tests, the next_state is  6
# run 1.00us
The current state is  6
In Lmem1, the next_state is 15
After the tests, the next_state is 15
The current state is 15
In Lmem2, the next_state is 17
After the tests, the next_state is 17
The current state is 17
In Lmem3, the next_state is  0
After the tests, the next_state is  0
The current state is  0
In Fetch, the next_state is  1
After the tests, the next_state is  1
The current state is  1
The opcode is  2
The next state is Lmem1
In Decode, the next_state is  6
After the tests, the next_state is  6
The current state is  1
The opcode is  x
Invalid opcode  x
In Decode, the next_state is  0
After the tests, the next_state is  0
The current state is  0
In Fetch, the next_state is  1
After the tests, the next_state is  1
The current state is  1
The opcode is  x
Invalid opcode  x
In Decode, the next_state is  0
After the tests, the next_state is  0
The current state is  1
The opcode is  2
The next state is Lmem1
In Decode, the next_state is  6
After the tests, the next_state is  6
The current state is  6
In Lmem1, the next_state is 15
After the tests, the next_state is 15
The current state is 15
In Lmem2, the next_state is 17
After the tests, the next_state is 17
The current state is 17
In Lmem3, the next_state is  0
After the tests, the next_state is  0
The current state is  0
In Fetch, the next_state is  1
After the tests, the next_state is  1
The current state is  1
The opcode is  2
The next state is Lmem1
In Decode, the next_state is  6
After the tests, the next_state is  6
The current state is  1
The opcode is  x
Invalid opcode  x
In Decode, the next_state is  0
After the tests, the next_state is  0
The current state is  0
In Fetch, the next_state is  1
After the tests, the next_state is  1
The current state is  1
The opcode is  x
Invalid opcode  x
In Decode, the next_state is  0
After the tests, the next_state is  0
The current state is  1
The opcode is 11
The next state is Jr1
In Decode, the next_state is 12
After the tests, the next_state is 12
The current state is 12
In Jr1, the next_state is  0
After the tests, the next_state is  0
The current state is  0
In Fetch, the next_state is  1
After the tests, the next_state is  1
The current state is  1
The opcode is 11
The next state is Jr1
In Decode, the next_state is 12
After the tests, the next_state is 12
The current state is  1
The opcode is 14
The next state is Lacc1
In Decode, the next_state is  5
After the tests, the next_state is  5
The current state is  5
In Lacc1, the next_state is  0
After the tests, the next_state is  0
The current state is  0
In Fetch, the next_state is  1
After the tests, the next_state is  1
The current state is  1
The opcode is 14
The next state is Lacc1
In Decode, the next_state is  5
After the tests, the next_state is  5
The current state is  1
The opcode is 15
The next state is Sacc1
In Decode, the next_state is  4
After the tests, the next_state is  4
The current state is  4
In Sacc1, the next_state is  0
After the tests, the next_state is  0
The current state is  0
In Fetch, the next_state is  1
After the tests, the next_state is  1
The current state is  1
The opcode is 15
The next state is Sacc1
In Decode, the next_state is  4
After the tests, the next_state is  4
The current state is  1
The opcode is 10
The next state is Lui1
In Decode, the next_state is 11
After the tests, the next_state is 11
The current state is 11
In Lui1, the next_state is  0
After the tests, the next_state is  0
The current state is  0
In Fetch, the next_state is  1
After the tests, the next_state is  1
The current state is  1
The opcode is 10
The next state is Lui1
In Decode, the next_state is 11
After the tests, the next_state is 11
The current state is  1
The opcode is 13
The next state is Ori1
In Decode, the next_state is  2
After the tests, the next_state is  2
The current state is  2
In Ori1, the next_state is 14
After the tests, the next_state is 14
The current state is 14
In OriArithmetic2, the next_state is  0
After the tests, the next_state is  0
The current state is  0
In Fetch, the next_state is  1
After the tests, the next_state is  1
The current state is  1
The opcode is 13
The next state is Ori1
In Decode, the next_state is  2
After the tests, the next_state is  2
The current state is  1
The opcode is 15
The next state is Sacc1
In Decode, the next_state is  4
After the tests, the next_state is  4
The current state is  4
In Sacc1, the next_state is  0
After the tests, the next_state is  0
The current state is  0
In Fetch, the next_state is  1
After the tests, the next_state is  1
The current state is  1
The opcode is 15
The next state is Sacc1
In Decode, the next_state is  4
After the tests, the next_state is  4
The current state is  1
The opcode is 14
The next state is Lacc1
In Decode, the next_state is  5
After the tests, the next_state is  5
The current state is  5
In Lacc1, the next_state is  0
After the tests, the next_state is  0
The current state is  0
In Fetch, the next_state is  1
After the tests, the next_state is  1
The current state is  1
The opcode is 14
The next state is Lacc1
In Decode, the next_state is  5
After the tests, the next_state is  5
The current state is  1
The opcode is 15
The next state is Sacc1
In Decode, the next_state is  4
After the tests, the next_state is  4
